<?xml version="1.0" encoding="UTF-8"?>
<coverage generated="1701108718581" clover="3.2.0">
  <project timestamp="1701108718581" name="All files">
    <metrics statements="20" coveredstatements="18" conditionals="4" coveredconditionals="3" methods="10" coveredmethods="8" elements="34" coveredelements="29" complexity="0" loc="20" ncloc="20" packages="1" files="4" classes="4"/>
    <file name="Body.js" path="D:\Namste-React\Ep12_Lets_Build_OurStore\src\component\Body.js">
      <metrics statements="7" coveredstatements="6" conditionals="2" coveredconditionals="2" methods="4" coveredmethods="3"/>
      <line num="7" count="1" type="stmt"/>
      <line num="8" count="2" type="stmt"/>
      <line num="9" count="2" type="stmt"/>
      <line num="10" count="2" type="stmt"/>
      <line num="13" count="1" type="stmt"/>
      <line num="19" count="0" type="stmt"/>
      <line num="23" count="15" type="stmt"/>
    </file>
    <file name="ResCard.js" path="D:\Namste-React\Ep12_Lets_Build_OurStore\src\component\ResCard.js">
      <metrics statements="3" coveredstatements="3" conditionals="2" coveredconditionals="1" methods="1" coveredmethods="1"/>
      <line num="4" count="2" type="stmt"/>
      <line num="6" count="1" type="stmt"/>
      <line num="8" count="1" type="stmt"/>
    </file>
    <file name="Search.js" path="D:\Namste-React\Ep12_Lets_Build_OurStore\src\component\Search.js">
      <metrics statements="8" coveredstatements="7" conditionals="0" coveredconditionals="0" methods="4" coveredmethods="3"/>
      <line num="3" count="1" type="stmt"/>
      <line num="4" count="4" type="stmt"/>
      <line num="5" count="4" type="stmt"/>
      <line num="13" count="1" type="stmt"/>
      <line num="17" count="1" type="stmt"/>
      <line num="18" count="0" type="stmt"/>
      <line num="20" count="1" type="stmt"/>
      <line num="21" count="1" type="stmt"/>
    </file>
    <file name="Shimer.js" path="D:\Namste-React\Ep12_Lets_Build_OurStore\src\component\Shimer.js">
      <metrics statements="2" coveredstatements="2" conditionals="0" coveredconditionals="0" methods="1" coveredmethods="1"/>
      <line num="3" count="1" type="stmt"/>
      <line num="4" count="15" type="stmt"/>
    </file>
  </project>
</coverage>
