{"D:\\Namste-React\\Ep12_Lets_Build_OurStore\\src\\component\\Contact.js": {"path":"D:\\Namste-React\\Ep12_Lets_Build_OurStore\\src\\component\\Contact.js","statementMap":{"0":{"start":{"line":6,"column":4},"end":{"line":24,"column":6}},"1":{"start":{"line":12,"column":23},"end":{"line":12,"column":53}}},"fnMap":{"0":{"name":"(anonymous_0)","decl":{"start":{"line":5,"column":2},"end":{"line":5,"column":3}},"loc":{"start":{"line":5,"column":11},"end":{"line":25,"column":3}},"line":5},"1":{"name":"(anonymous_1)","decl":{"start":{"line":12,"column":13},"end":{"line":12,"column":14}},"loc":{"start":{"line":12,"column":23},"end":{"line":12,"column":53}},"line":12}},"branchMap":{},"s":{"0":3,"1":3},"f":{"0":3,"1":3},"b":{},"_coverageSchema":"1a1c01bbd47fc00a2c39e90264f33305004495a9","hash":"380e122d53de499a384a04694fcf5a8f1aab07a8"}
,"D:\\Namste-React\\Ep12_Lets_Build_OurStore\\src\\component\\Header.js": {"path":"D:\\Namste-React\\Ep12_Lets_Build_OurStore\\src\\component\\Header.js","statementMap":{"0":{"start":{"line":10,"column":15},"end":{"line":68,"column":1}},"1":{"start":{"line":11,"column":30},"end":{"line":11,"column":45}},"2":{"start":{"line":12,"column":32},"end":{"line":12,"column":46}},"3":{"start":{"line":13,"column":23},"end":{"line":13,"column":40}},"4":{"start":{"line":14,"column":25},"end":{"line":14,"column":48}},"5":{"start":{"line":16,"column":20},"end":{"line":16,"column":60}},"6":{"start":{"line":16,"column":43},"end":{"line":16,"column":59}},"7":{"start":{"line":19,"column":2},"end":{"line":67,"column":4}},"8":{"start":{"line":41,"column":37},"end":{"line":41,"column":54}},"9":{"start":{"line":43,"column":37},"end":{"line":43,"column":53}},"10":{"start":{"line":48,"column":31},"end":{"line":48,"column":47}},"11":{"start":{"line":49,"column":32},"end":{"line":49,"column":49}}},"fnMap":{"0":{"name":"(anonymous_0)","decl":{"start":{"line":10,"column":15},"end":{"line":10,"column":16}},"loc":{"start":{"line":10,"column":21},"end":{"line":68,"column":1}},"line":10},"1":{"name":"(anonymous_1)","decl":{"start":{"line":16,"column":32},"end":{"line":16,"column":33}},"loc":{"start":{"line":16,"column":43},"end":{"line":16,"column":59}},"line":16},"2":{"name":"(anonymous_2)","decl":{"start":{"line":41,"column":31},"end":{"line":41,"column":32}},"loc":{"start":{"line":41,"column":37},"end":{"line":41,"column":54}},"line":41},"3":{"name":"(anonymous_3)","decl":{"start":{"line":43,"column":31},"end":{"line":43,"column":32}},"loc":{"start":{"line":43,"column":37},"end":{"line":43,"column":53}},"line":43},"4":{"name":"(anonymous_4)","decl":{"start":{"line":48,"column":25},"end":{"line":48,"column":26}},"loc":{"start":{"line":48,"column":31},"end":{"line":48,"column":47}},"line":48},"5":{"name":"(anonymous_5)","decl":{"start":{"line":49,"column":26},"end":{"line":49,"column":27}},"loc":{"start":{"line":49,"column":32},"end":{"line":49,"column":49}},"line":49}},"branchMap":{"0":{"loc":{"start":{"line":26,"column":23},"end":{"line":26,"column":49}},"type":"cond-expr","locations":[{"start":{"line":26,"column":38},"end":{"line":26,"column":42}},{"start":{"line":26,"column":45},"end":{"line":26,"column":49}}],"line":26},"1":{"loc":{"start":{"line":40,"column":13},"end":{"line":44,"column":13}},"type":"cond-expr","locations":[{"start":{"line":41,"column":14},"end":{"line":41,"column":70}},{"start":{"line":43,"column":14},"end":{"line":43,"column":70}}],"line":40},"2":{"loc":{"start":{"line":46,"column":13},"end":{"line":51,"column":13}},"type":"binary-expr","locations":[{"start":{"line":46,"column":13},"end":{"line":46,"column":19}},{"start":{"line":47,"column":14},"end":{"line":50,"column":16}}],"line":46}},"s":{"0":1,"1":4,"2":4,"3":4,"4":4,"5":4,"6":7,"7":4,"8":1,"9":0,"10":0,"11":0},"f":{"0":4,"1":7,"2":1,"3":0,"4":0,"5":0},"b":{"0":[4,0],"1":[3,1],"2":[4,0]},"_coverageSchema":"1a1c01bbd47fc00a2c39e90264f33305004495a9","hash":"b1765cfc26727fbec386d4f18af33361b2e408ac"}
,"D:\\Namste-React\\Ep12_Lets_Build_OurStore\\src\\component\\Login.js": {"path":"D:\\Namste-React\\Ep12_Lets_Build_OurStore\\src\\component\\Login.js","statementMap":{"0":{"start":{"line":4,"column":14},"end":{"line":67,"column":1}},"1":{"start":{"line":5,"column":26},"end":{"line":5,"column":38}},"2":{"start":{"line":6,"column":34},"end":{"line":6,"column":46}},"3":{"start":{"line":8,"column":26},"end":{"line":8,"column":49}},"4":{"start":{"line":10,"column":2},"end":{"line":15,"column":9}},"5":{"start":{"line":11,"column":4},"end":{"line":11,"column":45}},"6":{"start":{"line":12,"column":4},"end":{"line":14,"column":6}},"7":{"start":{"line":13,"column":6},"end":{"line":13,"column":47}},"8":{"start":{"line":16,"column":26},"end":{"line":20,"column":3}},"9":{"start":{"line":17,"column":4},"end":{"line":17,"column":30}},"10":{"start":{"line":18,"column":4},"end":{"line":18,"column":14}},"11":{"start":{"line":19,"column":4},"end":{"line":19,"column":15}},"12":{"start":{"line":21,"column":2},"end":{"line":66,"column":4}},"13":{"start":{"line":43,"column":31},"end":{"line":43,"column":54}},"14":{"start":{"line":51,"column":31},"end":{"line":51,"column":58}}},"fnMap":{"0":{"name":"(anonymous_0)","decl":{"start":{"line":4,"column":14},"end":{"line":4,"column":15}},"loc":{"start":{"line":4,"column":41},"end":{"line":67,"column":1}},"line":4},"1":{"name":"(anonymous_1)","decl":{"start":{"line":10,"column":12},"end":{"line":10,"column":13}},"loc":{"start":{"line":10,"column":18},"end":{"line":15,"column":3}},"line":10},"2":{"name":"(anonymous_2)","decl":{"start":{"line":12,"column":11},"end":{"line":12,"column":12}},"loc":{"start":{"line":12,"column":17},"end":{"line":14,"column":5}},"line":12},"3":{"name":"(anonymous_3)","decl":{"start":{"line":16,"column":26},"end":{"line":16,"column":27}},"loc":{"start":{"line":16,"column":32},"end":{"line":20,"column":3}},"line":16},"4":{"name":"(anonymous_4)","decl":{"start":{"line":43,"column":24},"end":{"line":43,"column":25}},"loc":{"start":{"line":43,"column":31},"end":{"line":43,"column":54}},"line":43},"5":{"name":"(anonymous_5)","decl":{"start":{"line":51,"column":24},"end":{"line":51,"column":25}},"loc":{"start":{"line":51,"column":31},"end":{"line":51,"column":58}},"line":51}},"branchMap":{"0":{"loc":{"start":{"line":17,"column":4},"end":{"line":17,"column":29}},"type":"binary-expr","locations":[{"start":{"line":17,"column":4},"end":{"line":17,"column":8}},{"start":{"line":17,"column":12},"end":{"line":17,"column":29}}],"line":17}},"s":{"0":1,"1":0,"2":0,"3":0,"4":0,"5":0,"6":0,"7":0,"8":0,"9":0,"10":0,"11":0,"12":0,"13":0,"14":0},"f":{"0":0,"1":0,"2":0,"3":0,"4":0,"5":0},"b":{"0":[0,0]},"_coverageSchema":"1a1c01bbd47fc00a2c39e90264f33305004495a9","hash":"beafb2ee19297a0e5bb7c66049b49a50f0719f12"}
,"D:\\Namste-React\\Ep12_Lets_Build_OurStore\\src\\component\\sum.js": {"path":"D:\\Namste-React\\Ep12_Lets_Build_OurStore\\src\\component\\sum.js","statementMap":{"0":{"start":{"line":1,"column":19},"end":{"line":3,"column":1}},"1":{"start":{"line":2,"column":2},"end":{"line":2,"column":15}}},"fnMap":{"0":{"name":"(anonymous_0)","decl":{"start":{"line":1,"column":19},"end":{"line":1,"column":20}},"loc":{"start":{"line":1,"column":29},"end":{"line":3,"column":1}},"line":1}},"branchMap":{},"s":{"0":1,"1":1},"f":{"0":1},"b":{},"_coverageSchema":"1a1c01bbd47fc00a2c39e90264f33305004495a9","hash":"5221bf192fcda320569a4b6a69a7629b33c9d73e"}
,"D:\\Namste-React\\Ep12_Lets_Build_OurStore\\src\\store\\appStore.js": {"path":"D:\\Namste-React\\Ep12_Lets_Build_OurStore\\src\\store\\appStore.js","statementMap":{"0":{"start":{"line":4,"column":17},"end":{"line":8,"column":2}}},"fnMap":{},"branchMap":{},"s":{"0":1},"f":{},"b":{},"_coverageSchema":"1a1c01bbd47fc00a2c39e90264f33305004495a9","hash":"58920f1cd03369055fbf8f96695451e706386b38"}
,"D:\\Namste-React\\Ep12_Lets_Build_OurStore\\src\\store\\cartSlice.js": {"path":"D:\\Namste-React\\Ep12_Lets_Build_OurStore\\src\\store\\cartSlice.js","statementMap":{"0":{"start":{"line":3,"column":18},"end":{"line":22,"column":2}},"1":{"start":{"line":10,"column":6},"end":{"line":10,"column":39}},"2":{"start":{"line":14,"column":20},"end":{"line":14,"column":55}},"3":{"start":{"line":15,"column":6},"end":{"line":15,"column":35}},"4":{"start":{"line":19,"column":6},"end":{"line":19,"column":29}},"5":{"start":{"line":24,"column":50},"end":{"line":24,"column":67}}},"fnMap":{"0":{"name":"(anonymous_0)","decl":{"start":{"line":9,"column":13},"end":{"line":9,"column":14}},"loc":{"start":{"line":9,"column":32},"end":{"line":12,"column":5}},"line":9},"1":{"name":"(anonymous_1)","decl":{"start":{"line":13,"column":16},"end":{"line":13,"column":17}},"loc":{"start":{"line":13,"column":35},"end":{"line":17,"column":5}},"line":13},"2":{"name":"(anonymous_2)","decl":{"start":{"line":18,"column":15},"end":{"line":18,"column":16}},"loc":{"start":{"line":18,"column":34},"end":{"line":20,"column":5}},"line":18}},"branchMap":{},"s":{"0":1,"1":0,"2":0,"3":0,"4":0,"5":1},"f":{"0":0,"1":0,"2":0},"b":{},"_coverageSchema":"1a1c01bbd47fc00a2c39e90264f33305004495a9","hash":"490304e5389f7da35dd9e0f628d6cc8a8b2c63ad"}
,"D:\\Namste-React\\Ep12_Lets_Build_OurStore\\src\\utils\\UserContext.js": {"path":"D:\\Namste-React\\Ep12_Lets_Build_OurStore\\src\\utils\\UserContext.js","statementMap":{"0":{"start":{"line":3,"column":20},"end":{"line":5,"column":2}}},"fnMap":{},"branchMap":{},"s":{"0":2},"f":{},"b":{},"_coverageSchema":"1a1c01bbd47fc00a2c39e90264f33305004495a9","hash":"61d68a020b967456fee2fcbb47f71e961022270b"}
,"D:\\Namste-React\\Ep12_Lets_Build_OurStore\\src\\utils\\pathOfAll.js": {"path":"D:\\Namste-React\\Ep12_Lets_Build_OurStore\\src\\utils\\pathOfAll.js","statementMap":{"0":{"start":{"line":4,"column":2},"end":{"line":4,"column":198}},"1":{"start":{"line":7,"column":2},"end":{"line":7,"column":151}},"2":{"start":{"line":10,"column":2},"end":{"line":10,"column":85}},"3":{"start":{"line":15,"column":2},"end":{"line":15,"column":132}}},"fnMap":{},"branchMap":{},"s":{"0":1,"1":1,"2":1,"3":1},"f":{},"b":{},"_coverageSchema":"1a1c01bbd47fc00a2c39e90264f33305004495a9","hash":"683df44fe194a9e4e560ffa9a9efed6426b9bfc4"}
,"D:\\Namste-React\\Ep12_Lets_Build_OurStore\\src\\utils\\useOnlineStatus.js": {"path":"D:\\Namste-React\\Ep12_Lets_Build_OurStore\\src\\utils\\useOnlineStatus.js","statementMap":{"0":{"start":{"line":3,"column":24},"end":{"line":14,"column":1}},"1":{"start":{"line":4,"column":42},"end":{"line":4,"column":56}},"2":{"start":{"line":5,"column":2},"end":{"line":12,"column":9}},"3":{"start":{"line":6,"column":4},"end":{"line":8,"column":7}},"4":{"start":{"line":7,"column":6},"end":{"line":7,"column":28}},"5":{"start":{"line":9,"column":4},"end":{"line":11,"column":7}},"6":{"start":{"line":10,"column":6},"end":{"line":10,"column":29}},"7":{"start":{"line":13,"column":2},"end":{"line":13,"column":22}}},"fnMap":{"0":{"name":"(anonymous_0)","decl":{"start":{"line":3,"column":24},"end":{"line":3,"column":25}},"loc":{"start":{"line":3,"column":30},"end":{"line":14,"column":1}},"line":3},"1":{"name":"(anonymous_1)","decl":{"start":{"line":5,"column":12},"end":{"line":5,"column":13}},"loc":{"start":{"line":5,"column":18},"end":{"line":12,"column":3}},"line":5},"2":{"name":"(anonymous_2)","decl":{"start":{"line":6,"column":38},"end":{"line":6,"column":39}},"loc":{"start":{"line":6,"column":44},"end":{"line":8,"column":5}},"line":6},"3":{"name":"(anonymous_3)","decl":{"start":{"line":9,"column":39},"end":{"line":9,"column":40}},"loc":{"start":{"line":9,"column":45},"end":{"line":11,"column":5}},"line":9}},"branchMap":{},"s":{"0":1,"1":4,"2":4,"3":3,"4":0,"5":3,"6":0,"7":4},"f":{"0":4,"1":3,"2":0,"3":0},"b":{},"_coverageSchema":"1a1c01bbd47fc00a2c39e90264f33305004495a9","hash":"999744a3190450029440b5a84045d5da9d443a49"}
}
